<?xml version="1.0" encoding="UTF-8"?>
<testng-results ignored="0" total="4" passed="3" failed="1" skipped="0">
  <reporter-output>
  </reporter-output>
  <suite started-at="2022-11-03T07:24:35 IST" name="Default suite" finished-at="2022-11-03T07:25:15 IST" duration-ms="39817">
    <groups>
    </groups>
    <test started-at="2022-11-03T07:24:35 IST" name="Default test" finished-at="2022-11-03T07:25:15 IST" duration-ms="39817">
      <class name="test.SwaglabAddToTest">
        <test-method is-config="true" signature="createReport()[pri:0, instance:test.SwaglabAddToTest@6b81ce95]" started-at="2022-11-03T07:24:35 IST" name="createReport" finished-at="2022-11-03T07:24:36 IST" duration-ms="481" status="PASS">
          <reporter-output>
          </reporter-output>
        </test-method> <!-- createReport -->
        <test-method is-config="true" signature="openBrowser()[pri:0, instance:test.SwaglabAddToTest@6b81ce95]" started-at="2022-11-03T07:24:36 IST" name="openBrowser" finished-at="2022-11-03T07:24:50 IST" duration-ms="13899" status="PASS">
          <reporter-output>
          </reporter-output>
        </test-method> <!-- openBrowser -->
        <test-method signature="AddToCart()[pri:0, instance:test.SwaglabAddToTest@6b81ce95]" started-at="2022-11-03T07:24:50 IST" name="AddToCart" finished-at="2022-11-03T07:24:50 IST" duration-ms="334" status="PASS">
          <reporter-output>
          </reporter-output>
        </test-method> <!-- AddToCart -->
        <test-method is-config="true" signature="addResult(org.testng.ITestResult)[pri:0, instance:test.SwaglabAddToTest@6b81ce95]" started-at="2022-11-03T07:24:50 IST" name="addResult" finished-at="2022-11-03T07:24:50 IST" duration-ms="14" status="PASS">
          <params>
            <param index="0">
              <value>
                <![CDATA[[TestResult name=AddToCart status=SUCCESS method=SwaglabAddToTest.AddToCart()[pri:0, instance:test.SwaglabAddToTest@6b81ce95] output={null}]]]>
              </value>
            </param>
          </params>
          <reporter-output>
          </reporter-output>
        </test-method> <!-- addResult -->
        <test-method is-config="true" signature="openBrowser()[pri:0, instance:test.SwaglabAddToTest@6b81ce95]" started-at="2022-11-03T07:24:50 IST" name="openBrowser" finished-at="2022-11-03T07:24:55 IST" duration-ms="4763" status="PASS">
          <reporter-output>
          </reporter-output>
        </test-method> <!-- openBrowser -->
        <test-method signature="RemoveFromCart()[pri:0, instance:test.SwaglabAddToTest@6b81ce95]" started-at="2022-11-03T07:24:55 IST" name="RemoveFromCart" finished-at="2022-11-03T07:24:57 IST" duration-ms="2406" status="FAIL">
          <exception class="org.openqa.selenium.NoSuchElementException">
            <message>
              <![CDATA[no such element: Unable to locate element: {"method":"xpath","selector":"//button[text()='Remove']"}
  (Session info: chrome=107.0.5304.88)
For documentation on this error, please visit: https://selenium.dev/exceptions/#no_such_element
Build info: version: '4.4.0', revision: 'e5c75ed026a'
System info: host: 'DESKTOP-AECOP8J', ip: '192.168.10.5', os.name: 'Windows 11', os.arch: 'amd64', os.version: '10.0', java.version: '18.0.1.1'
Driver info: org.openqa.selenium.chrome.ChromeDriver
Command: [af2735de267677102d7e4de47a7dc145, findElement {using=xpath, value=//button[text()='Remove']}]
Capabilities {acceptInsecureCerts: false, browserName: chrome, browserVersion: 107.0.5304.88, chrome: {chromedriverVersion: 107.0.5304.62 (1eec40d3a576..., userDataDir: C:\Users\91976\AppData\Loca...}, goog:chromeOptions: {debuggerAddress: localhost:63190}, networkConnectionEnabled: false, pageLoadStrategy: normal, platformName: WINDOWS, proxy: Proxy(), se:cdp: ws://localhost:63190/devtoo..., se:cdpVersion: 107.0.5304.88, setWindowRect: true, strictFileInteractability: false, timeouts: {implicit: 0, pageLoad: 300000, script: 30000}, unhandledPromptBehavior: dismiss and notify, webauthn:extension:credBlob: true, webauthn:extension:largeBlob: true, webauthn:virtualAuthenticators: true}
Session ID: af2735de267677102d7e4de47a7dc145]]>
            </message>
            <full-stacktrace>
              <![CDATA[org.openqa.selenium.NoSuchElementException: no such element: Unable to locate element: {"method":"xpath","selector":"//button[text()='Remove']"}
  (Session info: chrome=107.0.5304.88)
For documentation on this error, please visit: https://selenium.dev/exceptions/#no_such_element
Build info: version: '4.4.0', revision: 'e5c75ed026a'
System info: host: 'DESKTOP-AECOP8J', ip: '192.168.10.5', os.name: 'Windows 11', os.arch: 'amd64', os.version: '10.0', java.version: '18.0.1.1'
Driver info: org.openqa.selenium.chrome.ChromeDriver
Command: [af2735de267677102d7e4de47a7dc145, findElement {using=xpath, value=//button[text()='Remove']}]
Capabilities {acceptInsecureCerts: false, browserName: chrome, browserVersion: 107.0.5304.88, chrome: {chromedriverVersion: 107.0.5304.62 (1eec40d3a576..., userDataDir: C:\Users\91976\AppData\Loca...}, goog:chromeOptions: {debuggerAddress: localhost:63190}, networkConnectionEnabled: false, pageLoadStrategy: normal, platformName: WINDOWS, proxy: Proxy(), se:cdp: ws://localhost:63190/devtoo..., se:cdpVersion: 107.0.5304.88, setWindowRect: true, strictFileInteractability: false, timeouts: {implicit: 0, pageLoad: 300000, script: 30000}, unhandledPromptBehavior: dismiss and notify, webauthn:extension:credBlob: true, webauthn:extension:largeBlob: true, webauthn:virtualAuthenticators: true}
Session ID: af2735de267677102d7e4de47a7dc145
at java.base/jdk.internal.reflect.DirectConstructorHandleAccessor.newInstance(DirectConstructorHandleAccessor.java:67)
at java.base/java.lang.reflect.Constructor.newInstanceWithCaller(Constructor.java:499)
at java.base/java.lang.reflect.Constructor.newInstance(Constructor.java:483)
at org.openqa.selenium.remote.codec.w3c.W3CHttpResponseCodec.createException(W3CHttpResponseCodec.java:200)
at org.openqa.selenium.remote.codec.w3c.W3CHttpResponseCodec.decode(W3CHttpResponseCodec.java:133)
at org.openqa.selenium.remote.codec.w3c.W3CHttpResponseCodec.decode(W3CHttpResponseCodec.java:53)
at org.openqa.selenium.remote.HttpCommandExecutor.execute(HttpCommandExecutor.java:184)
at org.openqa.selenium.remote.service.DriverCommandExecutor.invokeExecute(DriverCommandExecutor.java:167)
at org.openqa.selenium.remote.service.DriverCommandExecutor.execute(DriverCommandExecutor.java:142)
at org.openqa.selenium.remote.RemoteWebDriver.execute(RemoteWebDriver.java:547)
at org.openqa.selenium.remote.ElementLocation$ElementFinder$2.findElement(ElementLocation.java:162)
at org.openqa.selenium.remote.ElementLocation.findElement(ElementLocation.java:60)
at org.openqa.selenium.remote.RemoteWebDriver.findElement(RemoteWebDriver.java:365)
at org.openqa.selenium.remote.RemoteWebDriver.findElement(RemoteWebDriver.java:357)
at org.openqa.selenium.support.pagefactory.DefaultElementLocator.findElement(DefaultElementLocator.java:70)
at org.openqa.selenium.support.pagefactory.internal.LocatingElementHandler.invoke(LocatingElementHandler.java:39)
at jdk.proxy2/jdk.proxy2.$Proxy20.isDisplayed(Unknown Source)
at pom.SwaglabAddToCart.VerifyRemove(SwaglabAddToCart.java:92)
at test.SwaglabAddToTest.RemoveFromCart(SwaglabAddToTest.java:56)
at java.base/jdk.internal.reflect.DirectMethodHandleAccessor.invoke(DirectMethodHandleAccessor.java:104)
at java.base/java.lang.reflect.Method.invoke(Method.java:577)
at org.testng.internal.MethodInvocationHelper.invokeMethod(MethodInvocationHelper.java:133)
at org.testng.internal.TestInvoker.invokeMethod(TestInvoker.java:598)
at org.testng.internal.TestInvoker.invokeTestMethod(TestInvoker.java:173)
at org.testng.internal.MethodRunner.runInSequence(MethodRunner.java:46)
at org.testng.internal.TestInvoker$MethodInvocationAgent.invoke(TestInvoker.java:824)
at org.testng.internal.TestInvoker.invokeTestMethods(TestInvoker.java:146)
at org.testng.internal.TestMethodWorker.invokeTestMethods(TestMethodWorker.java:146)
at org.testng.internal.TestMethodWorker.run(TestMethodWorker.java:128)
at java.base/java.util.ArrayList.forEach(ArrayList.java:1511)
at org.testng.TestRunner.privateRun(TestRunner.java:794)
at org.testng.TestRunner.run(TestRunner.java:596)
at org.testng.SuiteRunner.runTest(SuiteRunner.java:377)
at org.testng.SuiteRunner.runSequentially(SuiteRunner.java:371)
at org.testng.SuiteRunner.privateRun(SuiteRunner.java:332)
at org.testng.SuiteRunner.run(SuiteRunner.java:276)
at org.testng.SuiteRunnerWorker.runSuite(SuiteRunnerWorker.java:53)
at org.testng.SuiteRunnerWorker.run(SuiteRunnerWorker.java:96)
at org.testng.TestNG.runSuitesSequentially(TestNG.java:1212)
at org.testng.TestNG.runSuitesLocally(TestNG.java:1134)
at org.testng.TestNG.runSuites(TestNG.java:1063)
at org.testng.TestNG.run(TestNG.java:1031)
at org.testng.remote.AbstractRemoteTestNG.run(AbstractRemoteTestNG.java:115)
at org.testng.remote.RemoteTestNG.initAndRun(RemoteTestNG.java:251)
at org.testng.remote.RemoteTestNG.main(RemoteTestNG.java:77)
]]>
            </full-stacktrace>
          </exception> <!-- org.openqa.selenium.NoSuchElementException -->
          <reporter-output>
          </reporter-output>
        </test-method> <!-- RemoveFromCart -->
        <test-method is-config="true" signature="addResult(org.testng.ITestResult)[pri:0, instance:test.SwaglabAddToTest@6b81ce95]" started-at="2022-11-03T07:24:58 IST" name="addResult" finished-at="2022-11-03T07:24:58 IST" duration-ms="9" status="PASS">
          <params>
            <param index="0">
              <value>
                <![CDATA[[TestResult name=RemoveFromCart status=FAILURE method=SwaglabAddToTest.RemoveFromCart()[pri:0, instance:test.SwaglabAddToTest@6b81ce95] output={null}]]]>
              </value>
            </param>
          </params>
          <reporter-output>
          </reporter-output>
        </test-method> <!-- addResult -->
        <test-method is-config="true" signature="openBrowser()[pri:0, instance:test.SwaglabAddToTest@6b81ce95]" started-at="2022-11-03T07:24:58 IST" name="openBrowser" finished-at="2022-11-03T07:25:03 IST" duration-ms="5321" status="PASS">
          <reporter-output>
          </reporter-output>
        </test-method> <!-- openBrowser -->
        <test-method signature="VerifyCheckout()[pri:0, instance:test.SwaglabAddToTest@6b81ce95]" started-at="2022-11-03T07:25:03 IST" name="VerifyCheckout" finished-at="2022-11-03T07:25:04 IST" duration-ms="1054" status="PASS">
          <reporter-output>
          </reporter-output>
        </test-method> <!-- VerifyCheckout -->
        <test-method is-config="true" signature="openBrowser()[pri:0, instance:test.SwaglabAddToTest@6b81ce95]" started-at="2022-11-03T07:25:04 IST" name="openBrowser" finished-at="2022-11-03T07:25:14 IST" duration-ms="9894" status="PASS">
          <reporter-output>
          </reporter-output>
        </test-method> <!-- openBrowser -->
        <test-method is-config="true" signature="addResult(org.testng.ITestResult)[pri:0, instance:test.SwaglabAddToTest@6b81ce95]" started-at="2022-11-03T07:25:04 IST" name="addResult" finished-at="2022-11-03T07:25:04 IST" duration-ms="0" status="PASS">
          <params>
            <param index="0">
              <value>
                <![CDATA[[TestResult name=VerifyCheckout status=SUCCESS method=SwaglabAddToTest.VerifyCheckout()[pri:0, instance:test.SwaglabAddToTest@6b81ce95] output={null}]]]>
              </value>
            </param>
          </params>
          <reporter-output>
          </reporter-output>
        </test-method> <!-- addResult -->
        <test-method signature="VerifyContinueShopping()[pri:0, instance:test.SwaglabAddToTest@6b81ce95]" started-at="2022-11-03T07:25:14 IST" name="VerifyContinueShopping" finished-at="2022-11-03T07:25:14 IST" duration-ms="431" status="PASS">
          <reporter-output>
          </reporter-output>
        </test-method> <!-- VerifyContinueShopping -->
        <test-method is-config="true" signature="addResult(org.testng.ITestResult)[pri:0, instance:test.SwaglabAddToTest@6b81ce95]" started-at="2022-11-03T07:25:14 IST" name="addResult" finished-at="2022-11-03T07:25:14 IST" duration-ms="0" status="PASS">
          <params>
            <param index="0">
              <value>
                <![CDATA[[TestResult name=VerifyContinueShopping status=SUCCESS method=SwaglabAddToTest.VerifyContinueShopping()[pri:0, instance:test.SwaglabAddToTest@6b81ce95] output={null}]]]>
              </value>
            </param>
          </params>
          <reporter-output>
          </reporter-output>
        </test-method> <!-- addResult -->
        <test-method is-config="true" signature="flushReport()[pri:0, instance:test.SwaglabAddToTest@6b81ce95]" started-at="2022-11-03T07:25:14 IST" name="flushReport" finished-at="2022-11-03T07:25:15 IST" duration-ms="837" status="PASS">
          <reporter-output>
          </reporter-output>
        </test-method> <!-- flushReport -->
      </class> <!-- test.SwaglabAddToTest -->
    </test> <!-- Default test -->
  </suite> <!-- Default suite -->
</testng-results>
